<?xml version="1.0" encoding="UTF-8"?>
<!-- Generated by org.testng.reporters.JUnitXMLReporter -->
<testsuite hostname="User-PC" ignored="0" name="Default test" tests="3" failures="0" timestamp="05 Jun 2019 17:47:48 GMT" time="99.075" errors="0">
  <testcase name="LoginPageTitleTest" time="0.059" classname="com.crm.qa.Testcases.LoginPageTest"/>
  <testcase name="CRMLogoImageTest" time="0.717" classname="com.crm.qa.Testcases.LoginPageTest"/>
  <testcase name="loginTest" time="13.863" classname="com.crm.qa.Testcases.LoginPageTest"/>
</testsuite> <!-- Default test -->
