<?xml version="1.0" encoding="UTF-8"?>
<testng-results skipped="0" failed="0" ignored="0" total="3" passed="3">
  <reporter-output>
  </reporter-output>
  <suite name="Default suite" duration-ms="99075" started-at="2019-06-05T17:46:08Z" finished-at="2019-06-05T17:47:47Z">
    <groups>
    </groups>
    <test name="Default test" duration-ms="99075" started-at="2019-06-05T17:46:08Z" finished-at="2019-06-05T17:47:47Z">
      <class name="com.crm.qa.Testcases.LoginPageTest">
        <test-method status="PASS" signature="setup()[pri:0, instance:com.crm.qa.Testcases.LoginPageTest@18be83e4]" name="setup" is-config="true" duration-ms="54704" started-at="2019-06-05T23:16:08Z" finished-at="2019-06-05T23:17:03Z">
          <reporter-output>
          </reporter-output>
        </test-method> <!-- setup -->
        <test-method status="PASS" signature="LoginPageTitleTest()[pri:1, instance:com.crm.qa.Testcases.LoginPageTest@18be83e4]" name="LoginPageTitleTest" duration-ms="59" started-at="2019-06-05T23:17:03Z" finished-at="2019-06-05T23:17:03Z">
          <reporter-output>
          </reporter-output>
        </test-method> <!-- LoginPageTitleTest -->
        <test-method status="PASS" signature="tearDown()[pri:0, instance:com.crm.qa.Testcases.LoginPageTest@18be83e4]" name="tearDown" is-config="true" duration-ms="765" started-at="2019-06-05T23:17:03Z" finished-at="2019-06-05T23:17:04Z">
          <reporter-output>
          </reporter-output>
        </test-method> <!-- tearDown -->
        <test-method status="PASS" signature="setup()[pri:0, instance:com.crm.qa.Testcases.LoginPageTest@18be83e4]" name="setup" is-config="true" duration-ms="14689" started-at="2019-06-05T23:17:04Z" finished-at="2019-06-05T23:17:18Z">
          <reporter-output>
          </reporter-output>
        </test-method> <!-- setup -->
        <test-method status="PASS" signature="CRMLogoImageTest()[pri:2, instance:com.crm.qa.Testcases.LoginPageTest@18be83e4]" name="CRMLogoImageTest" duration-ms="717" started-at="2019-06-05T23:17:18Z" finished-at="2019-06-05T23:17:19Z">
          <reporter-output>
          </reporter-output>
        </test-method> <!-- CRMLogoImageTest -->
        <test-method status="PASS" signature="tearDown()[pri:0, instance:com.crm.qa.Testcases.LoginPageTest@18be83e4]" name="tearDown" is-config="true" duration-ms="651" started-at="2019-06-05T23:17:19Z" finished-at="2019-06-05T23:17:20Z">
          <reporter-output>
          </reporter-output>
        </test-method> <!-- tearDown -->
        <test-method status="PASS" signature="setup()[pri:0, instance:com.crm.qa.Testcases.LoginPageTest@18be83e4]" name="setup" is-config="true" duration-ms="12858" started-at="2019-06-05T23:17:20Z" finished-at="2019-06-05T23:17:33Z">
          <reporter-output>
          </reporter-output>
        </test-method> <!-- setup -->
        <test-method status="PASS" signature="loginTest()[pri:3, instance:com.crm.qa.Testcases.LoginPageTest@18be83e4]" name="loginTest" duration-ms="13863" started-at="2019-06-05T23:17:33Z" finished-at="2019-06-05T23:17:46Z">
          <reporter-output>
          </reporter-output>
        </test-method> <!-- loginTest -->
        <test-method status="PASS" signature="tearDown()[pri:0, instance:com.crm.qa.Testcases.LoginPageTest@18be83e4]" name="tearDown" is-config="true" duration-ms="726" started-at="2019-06-05T23:17:46Z" finished-at="2019-06-05T23:17:47Z">
          <reporter-output>
          </reporter-output>
        </test-method> <!-- tearDown -->
      </class> <!-- com.crm.qa.Testcases.LoginPageTest -->
    </test> <!-- Default test -->
  </suite> <!-- Default suite -->
</testng-results>
